<?xml version="1.0" encoding="UTF-8"?>
<testsuites tests="78" failures="0" disabled="0" errors="0" time="0.213" timestamp="2024-11-23T16:30:23.776" name="AllTests">
  <testsuite name="ADCDriver" tests="13" failures="0" disabled="0" skipped="0" errors="0" time="0.007" timestamp="2024-11-23T16:30:23.779">
    <testcase name="TC001" file="../test/test_driver/adc/test_adc.cpp" line="58" status="run" result="completed" time="0" timestamp="2024-11-23T16:30:23.780" classname="ADCDriver" />
    <testcase name="TC002" file="../test/test_driver/adc/test_adc.cpp" line="76" status="run" result="completed" time="0" timestamp="2024-11-23T16:30:23.780" classname="ADCDriver" />
    <testcase name="TC003" file="../test/test_driver/adc/test_adc.cpp" line="94" status="run" result="completed" time="0" timestamp="2024-11-23T16:30:23.781" classname="ADCDriver" />
    <testcase name="TC004" file="../test/test_driver/adc/test_adc.cpp" line="105" status="run" result="completed" time="0" timestamp="2024-11-23T16:30:23.781" classname="ADCDriver" />
    <testcase name="TC005" file="../test/test_driver/adc/test_adc.cpp" line="128" status="run" result="completed" time="0" timestamp="2024-11-23T16:30:23.782" classname="ADCDriver" />
    <testcase name="TC006" file="../test/test_driver/adc/test_adc.cpp" line="151" status="run" result="completed" time="0" timestamp="2024-11-23T16:30:23.782" classname="ADCDriver" />
    <testcase name="TC007" file="../test/test_driver/adc/test_adc.cpp" line="169" status="run" result="completed" time="0" timestamp="2024-11-23T16:30:23.782" classname="ADCDriver" />
    <testcase name="TC008" file="../test/test_driver/adc/test_adc.cpp" line="183" status="run" result="completed" time="0" timestamp="2024-11-23T16:30:23.783" classname="ADCDriver" />
    <testcase name="TC009" file="../test/test_driver/adc/test_adc.cpp" line="197" status="run" result="completed" time="0" timestamp="2024-11-23T16:30:23.783" classname="ADCDriver" />
    <testcase name="TC010" file="../test/test_driver/adc/test_adc.cpp" line="217" status="run" result="completed" time="0" timestamp="2024-11-23T16:30:23.784" classname="ADCDriver" />
    <testcase name="TC011" file="../test/test_driver/adc/test_adc.cpp" line="231" status="run" result="completed" time="0" timestamp="2024-11-23T16:30:23.784" classname="ADCDriver" />
    <testcase name="TC012" file="../test/test_driver/adc/test_adc.cpp" line="253" status="run" result="completed" time="0" timestamp="2024-11-23T16:30:23.785" classname="ADCDriver" />
    <testcase name="TC013" file="../test/test_driver/adc/test_adc.cpp" line="267" status="run" result="completed" time="0" timestamp="2024-11-23T16:30:23.786" classname="ADCDriver" />
  </testsuite>
  <testsuite name="CAN_TEST" tests="15" failures="0" disabled="0" skipped="0" errors="0" time="0.045" timestamp="2024-11-23T16:30:23.798">
    <testcase name="TC001" file="../test/test_driver/can/test_can.cpp" line="174" status="run" result="completed" time="0.001" timestamp="2024-11-23T16:30:23.800" classname="CAN_TEST" />
    <testcase name="TC002" file="../test/test_driver/can/test_can.cpp" line="211" status="run" result="completed" time="0.001" timestamp="2024-11-23T16:30:23.803" classname="CAN_TEST" />
    <testcase name="TC003" file="../test/test_driver/can/test_can.cpp" line="256" status="run" result="completed" time="0.001" timestamp="2024-11-23T16:30:23.805" classname="CAN_TEST" />
    <testcase name="TC004" file="../test/test_driver/can/test_can.cpp" line="288" status="run" result="completed" time="0" timestamp="2024-11-23T16:30:23.807" classname="CAN_TEST" />
    <testcase name="TC005" file="../test/test_driver/can/test_can.cpp" line="319" status="run" result="completed" time="0.002" timestamp="2024-11-23T16:30:23.810" classname="CAN_TEST" />
    <testcase name="TC006" file="../test/test_driver/can/test_can.cpp" line="353" status="run" result="completed" time="0" timestamp="2024-11-23T16:30:23.813" classname="CAN_TEST" />
    <testcase name="TC007" file="../test/test_driver/can/test_can.cpp" line="377" status="run" result="completed" time="0" timestamp="2024-11-23T16:30:23.814" classname="CAN_TEST" />
    <testcase name="TC008" file="../test/test_driver/can/test_can.cpp" line="399" status="run" result="completed" time="0" timestamp="2024-11-23T16:30:23.816" classname="CAN_TEST" />
    <testcase name="TC009" file="../test/test_driver/can/test_can.cpp" line="421" status="run" result="completed" time="0" timestamp="2024-11-23T16:30:23.818" classname="CAN_TEST" />
    <testcase name="TC010" file="../test/test_driver/can/test_can.cpp" line="443" status="run" result="completed" time="0" timestamp="2024-11-23T16:30:23.825" classname="CAN_TEST" />
    <testcase name="TC011" file="../test/test_driver/can/test_can.cpp" line="468" status="run" result="completed" time="0" timestamp="2024-11-23T16:30:23.827" classname="CAN_TEST" />
    <testcase name="TC012" file="../test/test_driver/can/test_can.cpp" line="498" status="run" result="completed" time="0" timestamp="2024-11-23T16:30:23.831" classname="CAN_TEST" />
    <testcase name="TC013" file="../test/test_driver/can/test_can.cpp" line="528" status="run" result="completed" time="0" timestamp="2024-11-23T16:30:23.832" classname="CAN_TEST" />
    <testcase name="TC014" file="../test/test_driver/can/test_can.cpp" line="579" status="run" result="completed" time="0.004" timestamp="2024-11-23T16:30:23.834" classname="CAN_TEST" />
    <testcase name="TC015" file="../test/test_driver/can/test_can.cpp" line="634" status="run" result="completed" time="0" timestamp="2024-11-23T16:30:23.843" classname="CAN_TEST" />
  </testsuite>
  <testsuite name="GPIODriver" tests="20" failures="0" disabled="0" skipped="0" errors="0" time="0.058" timestamp="2024-11-23T16:30:23.847">
    <testcase name="TC001" file="../test/test_driver/gpio/test_gpio.cpp" line="45" status="run" result="completed" time="0" timestamp="2024-11-23T16:30:23.849" classname="GPIODriver" />
    <testcase name="TC002" file="../test/test_driver/gpio/test_gpio.cpp" line="61" status="run" result="completed" time="0" timestamp="2024-11-23T16:30:23.854" classname="GPIODriver" />
    <testcase name="TC003" file="../test/test_driver/gpio/test_gpio.cpp" line="77" status="run" result="completed" time="0" timestamp="2024-11-23T16:30:23.856" classname="GPIODriver" />
    <testcase name="TC004" file="../test/test_driver/gpio/test_gpio.cpp" line="93" status="run" result="completed" time="0" timestamp="2024-11-23T16:30:23.858" classname="GPIODriver" />
    <testcase name="TC005" file="../test/test_driver/gpio/test_gpio.cpp" line="110" status="run" result="completed" time="0" timestamp="2024-11-23T16:30:23.860" classname="GPIODriver" />
    <testcase name="TC006" file="../test/test_driver/gpio/test_gpio.cpp" line="133" status="run" result="completed" time="0" timestamp="2024-11-23T16:30:23.862" classname="GPIODriver" />
    <testcase name="TC007" file="../test/test_driver/gpio/test_gpio.cpp" line="142" status="run" result="completed" time="0" timestamp="2024-11-23T16:30:23.863" classname="GPIODriver" />
    <testcase name="TC008" file="../test/test_driver/gpio/test_gpio.cpp" line="151" status="run" result="completed" time="0" timestamp="2024-11-23T16:30:23.865" classname="GPIODriver" />
    <testcase name="TC009" file="../test/test_driver/gpio/test_gpio.cpp" line="160" status="run" result="completed" time="0" timestamp="2024-11-23T16:30:23.875" classname="GPIODriver" />
    <testcase name="TC010" file="../test/test_driver/gpio/test_gpio.cpp" line="169" status="run" result="completed" time="0" timestamp="2024-11-23T16:30:23.878" classname="GPIODriver" />
    <testcase name="TC011" file="../test/test_driver/gpio/test_gpio.cpp" line="186" status="run" result="completed" time="0" timestamp="2024-11-23T16:30:23.880" classname="GPIODriver" />
    <testcase name="TC012" file="../test/test_driver/gpio/test_gpio.cpp" line="195" status="run" result="completed" time="0" timestamp="2024-11-23T16:30:23.887" classname="GPIODriver" />
    <testcase name="TC013" file="../test/test_driver/gpio/test_gpio.cpp" line="204" status="run" result="completed" time="0" timestamp="2024-11-23T16:30:23.890" classname="GPIODriver" />
    <testcase name="TC014" file="../test/test_driver/gpio/test_gpio.cpp" line="213" status="run" result="completed" time="0" timestamp="2024-11-23T16:30:23.891" classname="GPIODriver" />
    <testcase name="TC015" file="../test/test_driver/gpio/test_gpio.cpp" line="222" status="run" result="completed" time="0" timestamp="2024-11-23T16:30:23.893" classname="GPIODriver" />
    <testcase name="TC016" file="../test/test_driver/gpio/test_gpio.cpp" line="240" status="run" result="completed" time="0" timestamp="2024-11-23T16:30:23.895" classname="GPIODriver" />
    <testcase name="TC017" file="../test/test_driver/gpio/test_gpio.cpp" line="249" status="run" result="completed" time="0" timestamp="2024-11-23T16:30:23.899" classname="GPIODriver" />
    <testcase name="TC018" file="../test/test_driver/gpio/test_gpio.cpp" line="258" status="run" result="completed" time="0" timestamp="2024-11-23T16:30:23.902" classname="GPIODriver" />
    <testcase name="TC019" file="../test/test_driver/gpio/test_gpio.cpp" line="267" status="run" result="completed" time="0" timestamp="2024-11-23T16:30:23.903" classname="GPIODriver" />
    <testcase name="TC020" file="../test/test_driver/gpio/test_gpio.cpp" line="276" status="run" result="completed" time="0" timestamp="2024-11-23T16:30:23.905" classname="GPIODriver" />
  </testsuite>
  <testsuite name="LPITDriver" tests="6" failures="0" disabled="0" skipped="0" errors="0" time="0.014" timestamp="2024-11-23T16:30:23.908">
    <testcase name="TC001" file="../test/test_driver/lpit/test_lpit_driver.cpp" line="105" status="run" result="completed" time="0" timestamp="2024-11-23T16:30:23.909" classname="LPITDriver" />
    <testcase name="TC002" file="../test/test_driver/lpit/test_lpit_driver.cpp" line="127" status="run" result="completed" time="0" timestamp="2024-11-23T16:30:23.911" classname="LPITDriver" />
    <testcase name="TC003" file="../test/test_driver/lpit/test_lpit_driver.cpp" line="153" status="run" result="completed" time="0" timestamp="2024-11-23T16:30:23.916" classname="LPITDriver" />
    <testcase name="TC004" file="../test/test_driver/lpit/test_lpit_driver.cpp" line="169" status="run" result="completed" time="0" timestamp="2024-11-23T16:30:23.918" classname="LPITDriver" />
    <testcase name="TC005" file="../test/test_driver/lpit/test_lpit_driver.cpp" line="184" status="run" result="completed" time="0" timestamp="2024-11-23T16:30:23.920" classname="LPITDriver" />
    <testcase name="TC006" file="../test/test_driver/lpit/test_lpit_driver.cpp" line="194" status="run" result="completed" time="0" timestamp="2024-11-23T16:30:23.922" classname="LPITDriver" />
  </testsuite>
  <testsuite name="PORTDriver" tests="10" failures="0" disabled="0" skipped="0" errors="0" time="0.027" timestamp="2024-11-23T16:30:23.925">
    <testcase name="TC001" file="../test/test_driver/port/test_port.cpp" line="60" status="run" result="completed" time="0" timestamp="2024-11-23T16:30:23.925" classname="PORTDriver" />
    <testcase name="TC002" file="../test/test_driver/port/test_port.cpp" line="93" status="run" result="completed" time="0" timestamp="2024-11-23T16:30:23.927" classname="PORTDriver" />
    <testcase name="TC003" file="../test/test_driver/port/test_port.cpp" line="126" status="run" result="completed" time="0" timestamp="2024-11-23T16:30:23.932" classname="PORTDriver" />
    <testcase name="TC004" file="../test/test_driver/port/test_port.cpp" line="159" status="run" result="completed" time="0" timestamp="2024-11-23T16:30:23.934" classname="PORTDriver" />
    <testcase name="TC005" file="../test/test_driver/port/test_port.cpp" line="192" status="run" result="completed" time="0" timestamp="2024-11-23T16:30:23.936" classname="PORTDriver" />
    <testcase name="TC006" file="../test/test_driver/port/test_port.cpp" line="233" status="run" result="completed" time="0" timestamp="2024-11-23T16:30:23.937" classname="PORTDriver" />
    <testcase name="TC007" file="../test/test_driver/port/test_port.cpp" line="246" status="run" result="completed" time="0" timestamp="2024-11-23T16:30:23.939" classname="PORTDriver" />
    <testcase name="TC008" file="../test/test_driver/port/test_port.cpp" line="259" status="run" result="completed" time="0" timestamp="2024-11-23T16:30:23.941" classname="PORTDriver" />
    <testcase name="TC009" file="../test/test_driver/port/test_port.cpp" line="272" status="run" result="completed" time="0.005" timestamp="2024-11-23T16:30:23.943" classname="PORTDriver" />
    <testcase name="TC0010" file="../test/test_driver/port/test_port.cpp" line="285" status="run" result="completed" time="0.001" timestamp="2024-11-23T16:30:23.950" classname="PORTDriver" />
  </testsuite>
  <testsuite name="UART_TS_01" tests="14" failures="0" disabled="0" skipped="0" errors="0" time="0.033" timestamp="2024-11-23T16:30:23.954">
    <testcase name="UART_TC_01" file="../test/test_driver/uart/test_uart_driver.cpp" line="91" status="run" result="completed" time="0" timestamp="2024-11-23T16:30:23.955" classname="UART_TS_01" />
    <testcase name="UART_TC_02" file="../test/test_driver/uart/test_uart_driver.cpp" line="122" status="run" result="completed" time="0" timestamp="2024-11-23T16:30:23.956" classname="UART_TS_01" />
    <testcase name="UART_TC_03" file="../test/test_driver/uart/test_uart_driver.cpp" line="182" status="run" result="completed" time="0" timestamp="2024-11-23T16:30:23.958" classname="UART_TS_01" />
    <testcase name="UART_TC_04" file="../test/test_driver/uart/test_uart_driver.cpp" line="294" status="run" result="completed" time="0" timestamp="2024-11-23T16:30:23.965" classname="UART_TS_01" />
    <testcase name="UART_TC_05" file="../test/test_driver/uart/test_uart_driver.cpp" line="367" status="run" result="completed" time="0" timestamp="2024-11-23T16:30:23.968" classname="UART_TS_01" />
    <testcase name="UART_TC_06" file="../test/test_driver/uart/test_uart_driver.cpp" line="461" status="run" result="completed" time="0" timestamp="2024-11-23T16:30:23.970" classname="UART_TS_01" />
    <testcase name="UART_TC_07" file="../test/test_driver/uart/test_uart_driver.cpp" line="505" status="run" result="completed" time="0" timestamp="2024-11-23T16:30:23.971" classname="UART_TS_01" />
    <testcase name="UART_TC_08" file="../test/test_driver/uart/test_uart_driver.cpp" line="555" status="run" result="completed" time="0" timestamp="2024-11-23T16:30:23.973" classname="UART_TS_01" />
    <testcase name="UART_TC_09" file="../test/test_driver/uart/test_uart_driver.cpp" line="615" status="run" result="completed" time="0" timestamp="2024-11-23T16:30:23.975" classname="UART_TS_01" />
    <testcase name="UART_TC_10" file="../test/test_driver/uart/test_uart_driver.cpp" line="687" status="run" result="completed" time="0" timestamp="2024-11-23T16:30:23.979" classname="UART_TS_01" />
    <testcase name="UART_TC_11" file="../test/test_driver/uart/test_uart_driver.cpp" line="820" status="run" result="completed" time="0" timestamp="2024-11-23T16:30:23.982" classname="UART_TS_01" />
    <testcase name="UART_TC_12" file="../test/test_driver/uart/test_uart_driver.cpp" line="923" status="run" result="completed" time="0" timestamp="2024-11-23T16:30:23.983" classname="UART_TS_01" />
    <testcase name="UART_TC_13" file="../test/test_driver/uart/test_uart_driver.cpp" line="990" status="run" result="completed" time="0" timestamp="2024-11-23T16:30:23.985" classname="UART_TS_01" />
    <testcase name="UART_TC_14" file="../test/test_driver/uart/test_uart_driver.cpp" line="1059" status="run" result="completed" time="0" timestamp="2024-11-23T16:30:23.986" classname="UART_TS_01" />
  </testsuite>
</testsuites>
